<?xml version="1.0" encoding="UTF-8"?>
<testng-results ignored="0" total="1" passed="1" failed="0" skipped="0">
  <reporter-output>
  </reporter-output>
  <suite started-at="2022-10-11T22:44:40 IST" name="Default suite" finished-at="2022-10-11T22:44:40 IST" duration-ms="143">
    <groups>
    </groups>
    <test started-at="2022-10-11T22:44:40 IST" name="Default test" finished-at="2022-10-11T22:44:40 IST" duration-ms="143">
      <class name="xyz.WorkingWithTestNg">
        <test-method is-config="true" signature="openbrowser()[pri:0, instance:xyz.WorkingWithTestNg@44ebcd03]" started-at="2022-10-11T22:44:40 IST" name="openbrowser" finished-at="2022-10-11T22:44:40 IST" duration-ms="22" status="PASS">
          <reporter-output>
          </reporter-output>
        </test-method> <!-- openbrowser -->
        <test-method signature="login()[pri:0, instance:xyz.WorkingWithTestNg@44ebcd03]" started-at="2022-10-11T22:44:40 IST" name="login" finished-at="2022-10-11T22:44:40 IST" duration-ms="21" status="PASS">
          <reporter-output>
          </reporter-output>
        </test-method> <!-- login -->
        <test-method is-config="true" signature="close()[pri:0, instance:xyz.WorkingWithTestNg@44ebcd03]" started-at="2022-10-11T22:44:40 IST" name="close" finished-at="2022-10-11T22:44:40 IST" duration-ms="1" status="PASS">
          <reporter-output>
          </reporter-output>
        </test-method> <!-- close -->
      </class> <!-- xyz.WorkingWithTestNg -->
    </test> <!-- Default test -->
  </suite> <!-- Default suite -->
</testng-results>
